\BOOKMARK [1][-]{section.1}{\376\377\000E\000i\000n\000l\000e\000i\000t\000u\000n\000g}{}% 1
\BOOKMARK [2][-]{subsection.1.1}{\376\377\000P\000r\000o\000j\000e\000k\000t\000b\000e\000z\000e\000i\000c\000h\000n\000u\000n\000g}{section.1}% 2
\BOOKMARK [2][-]{subsection.1.2}{\376\377\000A\000u\000f\000t\000r\000a\000g\000g\000e\000b\000e\000r}{section.1}% 3
\BOOKMARK [2][-]{subsection.1.3}{\376\377\000A\000u\000f\000t\000r\000a\000g\000n\000e\000h\000m\000e\000r}{section.1}% 4
\BOOKMARK [2][-]{subsection.1.4}{\376\377\000P\000r\000o\000j\000e\000k\000t\000b\000e\000s\000c\000h\000r\000e\000i\000b\000u\000n\000g}{section.1}% 5
\BOOKMARK [1][-]{section.2}{\376\377\000Z\000i\000e\000l\000s\000e\000t\000z\000u\000n\000g}{}% 6
\BOOKMARK [2][-]{subsection.2.1}{\376\377\000P\000r\000o\000j\000e\000k\000t\000z\000i\000e\000l\000e}{section.2}% 7
\BOOKMARK [2][-]{subsection.2.2}{\376\377\000M\000u\000s\000s\000-\000A\000n\000f\000o\000r\000d\000e\000r\000u\000n\000g\000e\000n}{section.2}% 8
\BOOKMARK [2][-]{subsection.2.3}{\376\377\000K\000a\000n\000n\000-\000A\000n\000f\000o\000r\000d\000e\000r\000u\000n\000g\000e\000n}{section.2}% 9
\BOOKMARK [1][-]{section.3}{\376\377\000P\000r\000o\000d\000u\000k\000t\000\374\000b\000e\000r\000s\000i\000c\000h\000t}{}% 10
\BOOKMARK [2][-]{subsection.3.1}{\376\377\000P\000r\000o\000d\000u\000k\000t\000f\000u\000n\000k\000t\000i\000o\000n\000e\000n}{section.3}% 11
\BOOKMARK [2][-]{subsection.3.2}{\376\377\000T\000e\000c\000h\000n\000o\000l\000o\000g\000i\000e\000-\000S\000t\000a\000c\000k}{section.3}% 12
\BOOKMARK [1][-]{section.4}{\376\377\000A\000n\000f\000o\000r\000d\000e\000r\000u\000n\000g\000e\000n}{}% 13
\BOOKMARK [2][-]{subsection.4.1}{\376\377\000F\000u\000n\000k\000t\000i\000o\000n\000a\000l\000e\000\040\000A\000n\000f\000o\000r\000d\000e\000r\000u\000n\000g\000e\000n}{section.4}% 14
\BOOKMARK [2][-]{subsection.4.2}{\376\377\000N\000i\000c\000h\000t\000-\000f\000u\000n\000k\000t\000i\000o\000n\000a\000l\000e\000\040\000A\000n\000f\000o\000r\000d\000e\000r\000u\000n\000g\000e\000n}{section.4}% 15
\BOOKMARK [1][-]{section.5}{\376\377\000P\000r\000o\000j\000e\000k\000t\000m\000a\000n\000a\000g\000e\000m\000e\000n\000t}{}% 16
\BOOKMARK [2][-]{subsection.5.1}{\376\377\000P\000r\000o\000j\000e\000k\000t\000p\000h\000a\000s\000e\000n}{section.5}% 17
\BOOKMARK [2][-]{subsection.5.2}{\376\377\000M\000e\000i\000l\000e\000n\000s\000t\000e\000i\000n\000e}{section.5}% 18
\BOOKMARK [2][-]{subsection.5.3}{\376\377\000R\000i\000s\000i\000k\000o\000a\000n\000a\000l\000y\000s\000e}{section.5}% 19
\BOOKMARK [1][-]{section.6}{\376\377\000A\000b\000n\000a\000h\000m\000e}{}% 20
\BOOKMARK [2][-]{subsection.6.1}{\376\377\000A\000b\000n\000a\000h\000m\000e\000k\000r\000i\000t\000e\000r\000i\000e\000n}{section.6}% 21
\BOOKMARK [2][-]{subsection.6.2}{\376\377\000A\000b\000n\000a\000h\000m\000e\000p\000r\000o\000z\000e\000s\000s}{section.6}% 22
\BOOKMARK [1][-]{section.7}{\376\377\000A\000n\000h\000a\000n\000g}{}% 23
\BOOKMARK [2][-]{subsection.7.1}{\376\377\000G\000l\000o\000s\000s\000a\000r}{section.7}% 24
\BOOKMARK [2][-]{subsection.7.2}{\376\377\000R\000e\000f\000e\000r\000e\000n\000z\000e\000n}{section.7}% 25
